time=2025-11-29T00:08:59.818+03:00 level=INFO msg="App Started"
time=2025-11-29T03:18:07.513+03:00 level=INFO msg="App Started"
time=2025-11-29T03:20:37.009+03:00 level=INFO msg="App Shutting Down"
time=2025-11-29T03:20:37.010+03:00 level=INFO msg="Gracefully stopped"
time=2025-11-29T03:20:39.496+03:00 level=INFO msg="App Started"
time=2025-11-29T03:28:49.098+03:00 level=ERROR msg="handlers.signUp : invalid input body" level=400
time=2025-11-29T03:31:59.077+03:00 level=ERROR msg="handlers.signUp : invalid input body" level=400
time=2025-11-29T03:32:03.574+03:00 level=INFO msg="App Shutting Down"
time=2025-11-29T03:32:03.574+03:00 level=INFO msg="Gracefully stopped"
time=2025-11-29T03:32:05.116+03:00 level=INFO msg="App Started"
time=2025-11-29T03:32:09.391+03:00 level=ERROR msg="handlers.signUp : invalid input body" level=400
time=2025-11-29T03:32:12.855+03:00 level=ERROR msg="handlers.signUp : invalid input body" level=400
time=2025-11-29T03:34:04.788+03:00 level=ERROR msg="handlers.signUp : invalid input body" level=400
time=2025-11-29T03:34:16.127+03:00 level=ERROR msg="handlers.signUp : invalid input body" level=400
time=2025-11-29T03:34:22.676+03:00 level=ERROR msg="handlers.signUp : invalid input body" level=400
time=2025-11-29T03:35:03.862+03:00 level=INFO msg="App Shutting Down"
time=2025-11-29T03:35:03.862+03:00 level=INFO msg="Gracefully stopped"
time=2025-11-29T03:35:06.107+03:00 level=INFO msg="App Started"
time=2025-11-29T03:35:11.374+03:00 level=ERROR msg="handlers.signUp : json: cannot unmarshal number 12345678909876543212 into Go struct field UserSignUp.bank_account_number of type int64 (invalid input body)" level=400
time=2025-11-29T03:36:35.066+03:00 level=ERROR msg="handlers.signUp : json: cannot unmarshal number 12345678909876543212 into Go struct field UserSignUp.bank_account_number of type int64 (invalid input body)" level=400
time=2025-11-29T03:36:38.460+03:00 level=INFO msg="App Shutting Down"
time=2025-11-29T03:36:38.461+03:00 level=INFO msg="Gracefully stopped"
time=2025-11-29T03:36:40.742+03:00 level=INFO msg="App Started"
time=2025-11-29T03:36:44.542+03:00 level=ERROR msg="handlers.signUp : json: cannot unmarshal number 12345678909876543212 into Go struct field UserSignUp.bank_account_number of type int (invalid input body)" level=400
time=2025-11-29T03:50:36.457+03:00 level=INFO msg="App Shutting Down"
time=2025-11-29T03:50:36.457+03:00 level=INFO msg="Gracefully stopped"
time=2025-11-29T03:50:39.492+03:00 level=INFO msg="App Started"
time=2025-11-29T03:50:43.092+03:00 level=ERROR msg="handlers.signUp : strconv.ParseInt: parsing \"12345678909876543212\": value out of range (invalid input body)" level=400
time=2025-11-29T03:57:24.736+03:00 level=ERROR msg="handlers.signUp : incorrect data has been entered" level=400
time=2025-11-29T03:57:40.004+03:00 level=ERROR msg="handlers.signUp : incorrect data has been entered" level=400
time=2025-11-29T03:57:47.245+03:00 level=ERROR msg="handlers.signUp : incorrect data has been entered" level=400
time=2025-11-29T03:58:03.015+03:00 level=ERROR msg="handlers.signUp : incorrect data has been entered" level=400
time=2025-11-29T03:58:45.369+03:00 level=ERROR msg="handlers.signUp : incorrect data has been entered" level=400
time=2025-11-29T03:58:57.092+03:00 level=ERROR msg="handlers.signUp : incorrect data has been entered" level=400
time=2025-11-29T04:00:20.090+03:00 level=ERROR msg="handlers.signUp : incorrect data has been entered" level=400
time=2025-11-29T04:02:26.374+03:00 level=ERROR msg="handlers.signUp : incorrect data has been entered" level=400
time=2025-11-29T04:03:10.825+03:00 level=ERROR msg="handlers.signUp : incorrect data has been entered" level=400
time=2025-11-29T04:03:12.371+03:00 level=INFO msg="App Shutting Down"
time=2025-11-29T04:03:12.371+03:00 level=INFO msg="Gracefully stopped"
time=2025-11-29T04:03:41.790+03:00 level=INFO msg="App Started"
time=2025-11-29T04:03:45.234+03:00 level=ERROR msg="handlers.signUp : incorrect data has been entered" level=400
time=2025-11-29T04:04:35.757+03:00 level=ERROR msg="handlers.signUp : incorrect data has been entered" level=400
time=2025-11-29T04:04:37.012+03:00 level=INFO msg="App Shutting Down"
time=2025-11-29T04:04:37.014+03:00 level=INFO msg="Gracefully stopped"
time=2025-11-29T04:04:38.779+03:00 level=INFO msg="App Started"
time=2025-11-29T04:04:42.046+03:00 level=ERROR msg="handlers.signUp : incorrect data has been entered" level=400
time=2025-11-29T04:04:56.583+03:00 level=INFO msg="App Shutting Down"
time=2025-11-29T04:04:56.584+03:00 level=INFO msg="Gracefully stopped"
time=2025-11-29T04:05:02.553+03:00 level=INFO msg="App Started"
time=2025-11-29T04:05:23.226+03:00 level=ERROR msg="handlers.signUp : strconv.ParseInt: parsing \"\": invalid syntax (invalid input body)" level=400
time=2025-11-29T04:05:31.510+03:00 level=ERROR msg="handlers.signIn : error getting user: incorrect user data entered" level=500
time=2025-11-29T04:06:34.026+03:00 level=INFO msg="App Shutting Down"
time=2025-11-29T04:06:34.026+03:00 level=INFO msg="Gracefully stopped"
time=2025-11-29T04:07:19.030+03:00 level=INFO msg="App Started"
time=2025-11-29T04:07:22.977+03:00 level=ERROR msg="handlers.signIn : error getting user: incorrect user data entered" level=500
time=2025-11-29T04:07:25.318+03:00 level=ERROR msg="handlers.signIn : error getting user: incorrect user data entered" level=500
time=2025-11-29T04:08:19.764+03:00 level=ERROR msg="handlers.signIn : error getting user: incorrect user data entered" level=500
time=2025-11-29T04:08:29.326+03:00 level=INFO msg="App Shutting Down"
time=2025-11-29T04:08:29.327+03:00 level=INFO msg="Gracefully stopped"
time=2025-11-29T04:08:30.699+03:00 level=INFO msg="App Started"
time=2025-11-29T04:08:33.683+03:00 level=ERROR msg="handlers.signIn : error getting user: incorrect user data entered" level=500
time=2025-11-29T04:09:36.403+03:00 level=INFO msg="App Shutting Down"
time=2025-11-29T04:09:36.403+03:00 level=INFO msg="Gracefully stopped"
time=2025-11-29T04:09:39.346+03:00 level=INFO msg="App Started"
time=2025-11-29T04:12:31.577+03:00 level=ERROR msg="handlers.signIn : error getting user: incorrect user data entered" level=500
time=2025-11-29T04:12:41.554+03:00 level=ERROR msg="handlers.signUp : storage.postgres.auth.CreateUser : pq: duplicate key value violates unique constraint \"users_email_key\"" level=500
time=2025-11-29T05:38:55.425+03:00 level=INFO msg="App Shutting Down"
time=2025-11-29T05:38:55.425+03:00 level=INFO msg="Gracefully stopped"
time=2025-11-29T07:49:11.655+03:00 level=INFO msg="App Started"
time=2025-11-29T07:49:29.930+03:00 level=INFO msg="App Shutting Down"
time=2025-11-29T07:49:29.931+03:00 level=INFO msg="Gracefully stopped"
time=2025-11-29T07:49:45.205+03:00 level=INFO msg="App Started"
time=2025-11-29T07:50:44.591+03:00 level=ERROR msg="handlers.signUp : storage.postgres.auth.CreateUser : pq: relation \"users\" does not exist" level=500
time=2025-11-29T07:50:51.493+03:00 level=INFO msg="App Shutting Down"
time=2025-11-29T07:50:51.493+03:00 level=INFO msg="Gracefully stopped"
time=2025-11-29T10:51:31.576+03:00 level=INFO msg="App Started"
time=2025-11-29T10:52:13.726+03:00 level=ERROR msg="handlers.signIn : error getting user: incorrect user data entered" level=500
time=2025-11-29T10:52:21.273+03:00 level=ERROR msg="handlers.signIn : error getting user: incorrect user data entered" level=500
time=2025-11-29T10:54:47.309+03:00 level=INFO msg="App Shutting Down"
time=2025-11-29T10:54:47.309+03:00 level=INFO msg="Gracefully stopped"
time=2025-11-29T10:54:48.708+03:00 level=INFO msg="App Started"
time=2025-11-29T10:54:54.307+03:00 level=INFO msg="App Shutting Down"
time=2025-11-29T10:54:54.307+03:00 level=INFO msg="Gracefully stopped"
time=2025-11-29T10:54:55.639+03:00 level=INFO msg="App Started"
time=2025-11-29T10:55:28.075+03:00 level=ERROR msg="handlers.getAllUsers : storage.postgres.users.GetAllUsers : missing destination name full_name in *[]models.UserShortly" level=500
time=2025-11-29T10:57:06.899+03:00 level=INFO msg="App Shutting Down"
time=2025-11-29T10:57:06.899+03:00 level=INFO msg="Gracefully stopped"
time=2025-11-29T10:57:10.968+03:00 level=INFO msg="App Started"
time=2025-11-29T10:57:14.240+03:00 level=ERROR msg="handlers.getAllUsers : storage.postgres.users.GetAllUsers : missing destination name email in *[]models.UserShortly" level=500
time=2025-11-29T10:57:26.933+03:00 level=INFO msg="App Shutting Down"
time=2025-11-29T10:57:26.933+03:00 level=INFO msg="Gracefully stopped"
time=2025-11-29T10:57:28.725+03:00 level=INFO msg="App Started"
time=2025-11-29T10:58:36.613+03:00 level=INFO msg="App Shutting Down"
time=2025-11-29T10:58:36.614+03:00 level=INFO msg="Gracefully stopped"
time=2025-11-29T10:58:39.796+03:00 level=INFO msg="App Started"
time=2025-11-29T10:58:42.870+03:00 level=ERROR msg="handlers.getUserById : strconv.ParseInt: parsing \"2/\": invalid syntax (invalid url)" level=400
time=2025-11-29T11:00:35.098+03:00 level=INFO msg="App Shutting Down"
time=2025-11-29T11:00:35.098+03:00 level=INFO msg="Gracefully stopped"
time=2025-11-29T11:00:36.469+03:00 level=INFO msg="App Started"
time=2025-11-29T11:00:40.040+03:00 level=ERROR msg="handlers.getUserById : strconv.Atoi: parsing \"2/\": invalid syntax (invalid url)" level=400
time=2025-11-29T11:01:02.728+03:00 level=INFO msg="App Shutting Down"
time=2025-11-29T11:01:02.728+03:00 level=INFO msg="Gracefully stopped"
time=2025-11-29T11:01:04.175+03:00 level=INFO msg="App Started"
time=2025-11-29T11:01:17.124+03:00 level=INFO msg=2/
time=2025-11-29T11:01:17.124+03:00 level=ERROR msg="handlers.getUserById : strconv.Atoi: parsing \"2/\": invalid syntax (invalid url)" level=400
time=2025-11-29T11:01:37.211+03:00 level=INFO msg=2/
time=2025-11-29T11:01:37.211+03:00 level=ERROR msg="handlers.getUserById : strconv.Atoi: parsing \"2/\": invalid syntax (invalid url)" level=400
time=2025-11-29T11:11:18.074+03:00 level=INFO msg="App Shutting Down"
time=2025-11-29T11:11:18.075+03:00 level=INFO msg="Gracefully stopped"
time=2025-11-29T11:11:19.377+03:00 level=INFO msg="App Started"
time=2025-11-29T11:11:22.118+03:00 level=INFO msg=2/
time=2025-11-29T11:11:22.118+03:00 level=ERROR msg="handlers.getUserById : strconv.ParseInt: parsing \"2/\": invalid syntax (invalid url)" level=400
time=2025-11-29T11:11:52.113+03:00 level=INFO msg="App Shutting Down"
time=2025-11-29T11:11:52.114+03:00 level=INFO msg="Gracefully stopped"
time=2025-11-29T11:14:44.869+03:00 level=INFO msg="App Started"
time=2025-11-29T11:14:48.692+03:00 level=ERROR msg="handlers.getUserById : strconv.ParseInt: parsing \"2/\": invalid syntax (invalid url)" level=400
time=2025-11-29T11:15:30.473+03:00 level=ERROR msg="handlers.getUserById : storage.postgres.users.GetUserById : open get_user.sql: no such file or directory" level=500
time=2025-11-29T11:16:16.040+03:00 level=INFO msg="App Shutting Down"
time=2025-11-29T11:16:16.040+03:00 level=INFO msg="Gracefully stopped"
time=2025-11-29T11:16:17.104+03:00 level=INFO msg="App Started"
time=2025-11-29T11:16:21.162+03:00 level=ERROR msg="handlers.getUserById : storage.postgres.users.GetUserById : pq: got 1 parameters but the statement requires 0" level=500
time=2025-11-29T11:18:28.482+03:00 level=INFO msg="App Shutting Down"
time=2025-11-29T11:18:28.482+03:00 level=INFO msg="Gracefully stopped"
time=2025-11-29T11:18:29.496+03:00 level=INFO msg="App Started"
time=2025-11-29T11:26:02.482+03:00 level=INFO msg="App Shutting Down"
time=2025-11-29T11:26:02.482+03:00 level=INFO msg="Gracefully stopped"
time=2025-11-29T11:26:04.522+03:00 level=INFO msg="App Started"
time=2025-11-29T11:26:30.294+03:00 level=ERROR msg="handlers.signUp : storage.postgres.auth.CreateUser : pq: duplicate key value violates unique constraint \"users_email_key\"" level=500
time=2025-11-29T11:27:03.780+03:00 level=INFO msg="App Shutting Down"
time=2025-11-29T11:27:03.780+03:00 level=INFO msg="Gracefully stopped"
